<?xml version="1.0" encoding="UTF-8"?>
<!-- Generated by org.testng.reporters.JUnitXMLReporter -->
<testsuite ignored="0" hostname="LAPTOP-4ALPQ2N4" failures="0" tests="4" name="Test" time="28.76" errors="0" timestamp="2024-02-19T22:52:39 IST">
  <testcase classname="com.ds.SauceLab.GetAllProducts" name="GetALLItemText" time="2.665"/>
  <testcase classname="com.ds.SauceLab.AppTest" name="AddProductToCart" time="3.313"/>
  <testcase classname="com.ds.SauceLab.AppTest" name="filterOptionValidation" time="2.237"/>
  <testcase classname="com.ds.SauceLab.AppTest" name="loginSauceLab" time="0.665"/>
</testsuite> <!-- Test -->
