<?xml version="1.0" encoding="UTF-8"?>
<testsuite xmlns:xsi="http://www.w3.org/2001/XMLSchema-instance" xsi:noNamespaceSchemaLocation="https://maven.apache.org/surefire/maven-surefire-plugin/xsd/surefire-test-report-3.0.xsd" version="3.0" name="TestSuite" time="69.927" tests="7" errors="0" skipped="0" failures="1">
  <properties>
[...]
</properties>
  <testcase name="AddProductToCart[standard_user, secret_sauce](1)" classname="com.ds.SauceLab.AppTest" time="13.008">
    <system-out><![CDATA[Swag Labs
]]></system-out>
    <system-err><![CDATA[SLF4J: Failed to load class "org.slf4j.impl.StaticLoggerBinder".
SLF4J: Defaulting to no-operation (NOP) logger implementation
SLF4J: See http://www.slf4j.org/codes.html#StaticLoggerBinder for further details.
1707846922482	geckodriver	INFO	Listening on 127.0.0.1:23028
1707846922806	mozrunner::runner	INFO	Running command: "C:\\Program Files\\Mozilla Firefox\\firefox.exe" "--marionette" "--remote-debugging-port" "6340" "--remote- ... //localhost:6340/,http://[::1]:6340/" "-no-remote" "-profile" "C:\\Users\\91700\\AppData\\Local\\Temp\\rust_mozprofile99Fj93"
console.warn: services.settings: Ignoring preference override of remote settings server
console.warn: services.settings: Allow by setting MOZ_REMOTE_SETTINGS_DEVTOOLS=1 in the environment
1707846923834	Marionette	INFO	Marionette enabled
Dynamically enable window occlusion 0
1707846924106	Marionette	INFO	Listening on port 49179
WebDriver BiDi listening on ws://127.0.0.1:6340
Read port: 49179
1707846924393	RemoteAgent	WARN	TLS certificate errors will be ignored for this session
DevTools listening on ws://127.0.0.1:6340/devtools/browser/3d2e308b-eaa0-44c6-a44c-fdbba20232b7
console.warn: LoginRecipes: "Falling back to a synchronous message for: https://www.saucedemo.com."
console.warn: LoginRecipes: "Falling back to a synchronous message for: https://www.saucedemo.com."
1707846932594	RemoteAgent	INFO	Perform WebSocket upgrade for incoming connection from 127.0.0.1:49230
1707846932706	CDP	WARN	Invalid browser preferences for CDP. Set "fission.webContentIsolationStrategy"to 0 and "fission.bfcacheInParent" to false before Firefox starts.
1707846932762	Marionette	INFO	Stopped listening on port 49179
Dynamically enable window occlusion 1
]]></system-err>
  </testcase>
  <testcase name="AddProductToCart[locked_out_user, secret_sauce](2)" classname="com.ds.SauceLab.AppTest" time="5.156">
    <failure message="Unable to locate element: //div[normalize-space()=&apos;Sauce Labs Backpack&apos;]&#10;For documentation on this error, please visit: https://selenium.dev/exceptions/#no_such_element&#10;Build info: version: &apos;4.6.0&apos;, revision: &apos;79f1c02ae20&apos;&#10;System info: os.name: &apos;Windows 11&apos;, os.arch: &apos;amd64&apos;, os.version: &apos;10.0&apos;, java.version: &apos;17.0.9&apos;&#10;Driver info: org.openqa.selenium.firefox.FirefoxDriver&#10;Command: [819adb57-89de-4aa6-b594-bcb2ac88654f, findElement {using=xpath, value=//div[normalize-space()=&apos;Sauce Labs Backpack&apos;]}]&#10;Capabilities {acceptInsecureCerts: true, browserName: firefox, browserVersion: 122.0.1, moz:accessibilityChecks: false, moz:buildID: 20240205133611, moz:debuggerAddress: 127.0.0.1:8364, moz:geckodriverVersion: 0.34.0, moz:headless: false, moz:platformVersion: 10.0, moz:processID: 10704, moz:profile: C:\Users\91700\AppData\Loca..., moz:shutdownTimeout: 60000, moz:webdriverClick: true, moz:windowless: false, pageLoadStrategy: normal, platformName: WINDOWS, proxy: Proxy(), se:cdp: ws://127.0.0.1:8364/devtool..., se:cdpVersion: 85.0, setWindowRect: true, strictFileInteractability: false, timeouts: {implicit: 0, pageLoad: 300000, script: 30000}, unhandledPromptBehavior: dismiss and notify}&#10;Session ID: 819adb57-89de-4aa6-b594-bcb2ac88654f" type="org.openqa.selenium.NoSuchElementException"><![CDATA[org.openqa.selenium.NoSuchElementException: 
Unable to locate element: //div[normalize-space()='Sauce Labs Backpack']
For documentation on this error, please visit: https://selenium.dev/exceptions/#no_such_element
Build info: version: '4.6.0', revision: '79f1c02ae20'
System info: os.name: 'Windows 11', os.arch: 'amd64', os.version: '10.0', java.version: '17.0.9'
Driver info: org.openqa.selenium.firefox.FirefoxDriver
Command: [819adb57-89de-4aa6-b594-bcb2ac88654f, findElement {using=xpath, value=//div[normalize-space()='Sauce Labs Backpack']}]
Capabilities {acceptInsecureCerts: true, browserName: firefox, browserVersion: 122.0.1, moz:accessibilityChecks: false, moz:buildID: 20240205133611, moz:debuggerAddress: 127.0.0.1:8364, moz:geckodriverVersion: 0.34.0, moz:headless: false, moz:platformVersion: 10.0, moz:processID: 10704, moz:profile: C:\Users\91700\AppData\Loca..., moz:shutdownTimeout: 60000, moz:webdriverClick: true, moz:windowless: false, pageLoadStrategy: normal, platformName: WINDOWS, proxy: Proxy(), se:cdp: ws://127.0.0.1:8364/devtool..., se:cdpVersion: 85.0, setWindowRect: true, strictFileInteractability: false, timeouts: {implicit: 0, pageLoad: 300000, script: 30000}, unhandledPromptBehavior: dismiss and notify}
Session ID: 819adb57-89de-4aa6-b594-bcb2ac88654f
	at com.ds.SauceLab.AppTest.AddProductToCart(AppTest.java:37)
]]></failure>
    <system-out><![CDATA[Swag Labs
3
4
]]></system-out>
    <system-err><![CDATA[1707846934338	geckodriver	INFO	Listening on 127.0.0.1:32908
1707846934366	mozrunner::runner	INFO	Running command: "C:\\Program Files\\Mozilla Firefox\\firefox.exe" "--marionette" "--remote-debugging-port" "8364" "--remote- ... //localhost:8364/,http://[::1]:8364/" "-no-remote" "-profile" "C:\\Users\\91700\\AppData\\Local\\Temp\\rust_mozprofile5uDdbz"
console.warn: services.settings: Ignoring preference override of remote settings server
console.warn: services.settings: Allow by setting MOZ_REMOTE_SETTINGS_DEVTOOLS=1 in the environment
1707846934886	Marionette	INFO	Marionette enabled
Dynamically enable window occlusion 0
1707846935033	Marionette	INFO	Listening on port 49258
WebDriver BiDi listening on ws://127.0.0.1:8364
Read port: 49258
1707846935274	RemoteAgent	WARN	TLS certificate errors will be ignored for this session
DevTools listening on ws://127.0.0.1:8364/devtools/browser/37aea85a-47d0-4ea0-95d4-3e6b6bbec179
console.warn: LoginRecipes: "Falling back to a synchronous message for: https://www.saucedemo.com."
]]></system-err>
  </testcase>
  <testcase name="AddProductToCart[problem_user, secret_sauce](3)" classname="com.ds.SauceLab.AppTest" time="9.413">
    <system-out><![CDATA[Swag Labs
]]></system-out>
    <system-err><![CDATA[1707846939446	geckodriver	INFO	Listening on 127.0.0.1:5403
1707846939477	mozrunner::runner	INFO	Running command: "C:\\Program Files\\Mozilla Firefox\\firefox.exe" "--marionette" "--remote-debugging-port" "43199" "--remote ... localhost:43199/,http://[::1]:43199/" "-no-remote" "-profile" "C:\\Users\\91700\\AppData\\Local\\Temp\\rust_mozprofileasy6QQ"
console.warn: services.settings: Ignoring preference override of remote settings server
console.warn: services.settings: Allow by setting MOZ_REMOTE_SETTINGS_DEVTOOLS=1 in the environment
1707846939960	Marionette	INFO	Marionette enabled
Dynamically enable window occlusion 0
1707846940185	Marionette	INFO	Listening on port 49367
WebDriver BiDi listening on ws://127.0.0.1:43199
Read port: 49367
1707846940520	RemoteAgent	WARN	TLS certificate errors will be ignored for this session
DevTools listening on ws://127.0.0.1:43199/devtools/browser/3e9c20b0-91c7-45bb-949b-540b99db0dca
console.warn: LoginRecipes: "Falling back to a synchronous message for: https://www.saucedemo.com."
console.warn: LoginRecipes: "Falling back to a synchronous message for: https://www.saucedemo.com."
1707846946767	RemoteAgent	INFO	Perform WebSocket upgrade for incoming connection from 127.0.0.1:49417
1707846946782	CDP	WARN	Invalid browser preferences for CDP. Set "fission.webContentIsolationStrategy"to 0 and "fission.bfcacheInParent" to false before Firefox starts.
1707846946809	Marionette	INFO	Stopped listening on port 49367
JavaScript warning: https://www.saucedemo.com/static/js/2.9b02e67e.chunk.js, line 2: Script terminated by timeout at:
_@https://www.saucedemo.com/static/js/2.9b02e67e.chunk.js:2:29258
t.default/o/</v.current<@https://www.saucedemo.com/static/js/2.9b02e67e.chunk.js:2:30482

Dynamically enable window occlusion 1
]]></system-err>
  </testcase>
  <testcase name="AddProductToCart[performance_glitch_user, secret_sauce](4)" classname="com.ds.SauceLab.AppTest" time="20.252">
    <system-out><![CDATA[Swag Labs
]]></system-out>
    <system-err><![CDATA[1707846948995	geckodriver	INFO	Listening on 127.0.0.1:4882
1707846949032	mozrunner::runner	INFO	Running command: "C:\\Program Files\\Mozilla Firefox\\firefox.exe" "--marionette" "--remote-debugging-port" "33584" "--remote ... localhost:33584/,http://[::1]:33584/" "-no-remote" "-profile" "C:\\Users\\91700\\AppData\\Local\\Temp\\rust_mozprofilevAuDVe"
console.warn: services.settings: Ignoring preference override of remote settings server
console.warn: services.settings: Allow by setting MOZ_REMOTE_SETTINGS_DEVTOOLS=1 in the environment
1707846949721	Marionette	INFO	Marionette enabled
Dynamically enable window occlusion 0
1707846949860	Marionette	INFO	Listening on port 49499
WebDriver BiDi listening on ws://127.0.0.1:33584
Read port: 49499
Read port: 49499
1707846952287	RemoteAgent	WARN	TLS certificate errors will be ignored for this session
DevTools listening on ws://127.0.0.1:33584/devtools/browser/a8f3553b-c8c4-4723-b1db-e35471a765de
console.warn: LoginRecipes: "Falling back to a synchronous message for: https://www.saucedemo.com."
console.warn: LoginRecipes: "Falling back to a synchronous message for: https://www.saucedemo.com."
1707846965855	addons.xpi	ERROR	System addon update list error SyntaxError: XMLHttpRequest.open: 'http://%(server)s/dummy-system-addons.xml' is not a valid URL.
1707846967653	RemoteAgent	INFO	Perform WebSocket upgrade for incoming connection from 127.0.0.1:49556
1707846967661	CDP	WARN	Invalid browser preferences for CDP. Set "fission.webContentIsolationStrategy"to 0 and "fission.bfcacheInParent" to false before Firefox starts.
1707846967665	Marionette	INFO	Stopped listening on port 49499
JavaScript warning: https://www.saucedemo.com/static/js/2.9b02e67e.chunk.js, line 2: Script terminated by timeout at:
_@https://www.saucedemo.com/static/js/2.9b02e67e.chunk.js:2:29258
t.default/o/</v.current<@https://www.saucedemo.com/static/js/2.9b02e67e.chunk.js:2:30482

Dynamically enable window occlusion 1
]]></system-err>
  </testcase>
  <testcase name="AddProductToCart[error_user, secret_sauce](5)" classname="com.ds.SauceLab.AppTest" time="7.484">
    <system-out><![CDATA[Swag Labs
]]></system-out>
    <system-err><![CDATA[1707846969091	geckodriver	INFO	Listening on 127.0.0.1:4232
1707846969109	mozrunner::runner	INFO	Running command: "C:\\Program Files\\Mozilla Firefox\\firefox.exe" "--marionette" "--remote-debugging-port" "17258" "--remote ... localhost:17258/,http://[::1]:17258/" "-no-remote" "-profile" "C:\\Users\\91700\\AppData\\Local\\Temp\\rust_mozprofile3rQK6N"
console.warn: services.settings: Ignoring preference override of remote settings server
console.warn: services.settings: Allow by setting MOZ_REMOTE_SETTINGS_DEVTOOLS=1 in the environment
1707846969663	Marionette	INFO	Marionette enabled
Dynamically enable window occlusion 0
1707846969795	Marionette	INFO	Listening on port 49613
WebDriver BiDi listening on ws://127.0.0.1:17258
Read port: 49613
1707846970011	RemoteAgent	WARN	TLS certificate errors will be ignored for this session
DevTools listening on ws://127.0.0.1:17258/devtools/browser/ea5d5d88-002a-4387-a478-70106df64272
console.warn: LoginRecipes: "Falling back to a synchronous message for: https://www.saucedemo.com."
console.warn: LoginRecipes: "Falling back to a synchronous message for: https://www.saucedemo.com."
1707846975077	RemoteAgent	INFO	Perform WebSocket upgrade for incoming connection from 127.0.0.1:49674
1707846975081	CDP	WARN	Invalid browser preferences for CDP. Set "fission.webContentIsolationStrategy"to 0 and "fission.bfcacheInParent" to false before Firefox starts.
1707846975272	Marionette	INFO	Stopped listening on port 49613
JavaScript warning: https://www.saucedemo.com/static/js/2.9b02e67e.chunk.js, line 2: Script terminated by timeout at:
_@https://www.saucedemo.com/static/js/2.9b02e67e.chunk.js:2:29258
t.default/o/</v.current<@https://www.saucedemo.com/static/js/2.9b02e67e.chunk.js:2:30482

Dynamically enable window occlusion 1
]]></system-err>
  </testcase>
  <testcase name="AddProductToCart[visual_user, secret_sauce](6)" classname="com.ds.SauceLab.AppTest" time="7.201">
    <system-out><![CDATA[Swag Labs
]]></system-out>
    <system-err><![CDATA[1707846976563	geckodriver	INFO	Listening on 127.0.0.1:19158
1707846976593	mozrunner::runner	INFO	Running command: "C:\\Program Files\\Mozilla Firefox\\firefox.exe" "--marionette" "--remote-debugging-port" "28217" "--remote ... localhost:28217/,http://[::1]:28217/" "-no-remote" "-profile" "C:\\Users\\91700\\AppData\\Local\\Temp\\rust_mozprofilewnzAyD"
console.warn: services.settings: Ignoring preference override of remote settings server
console.warn: services.settings: Allow by setting MOZ_REMOTE_SETTINGS_DEVTOOLS=1 in the environment
1707846976977	Marionette	INFO	Marionette enabled
Dynamically enable window occlusion 0
1707846977110	Marionette	INFO	Listening on port 49710
WebDriver BiDi listening on ws://127.0.0.1:28217
Read port: 49710
1707846977355	RemoteAgent	WARN	TLS certificate errors will be ignored for this session
DevTools listening on ws://127.0.0.1:28217/devtools/browser/b33b6a1f-612f-42b1-9c8f-8f9e73726869
console.warn: LoginRecipes: "Falling back to a synchronous message for: https://www.saucedemo.com."
console.warn: LoginRecipes: "Falling back to a synchronous message for: https://www.saucedemo.com."
1707846982523	RemoteAgent	INFO	Perform WebSocket upgrade for incoming connection from 127.0.0.1:49757
1707846982528	CDP	WARN	Invalid browser preferences for CDP. Set "fission.webContentIsolationStrategy"to 0 and "fission.bfcacheInParent" to false before Firefox starts.
1707846982535	Marionette	INFO	Stopped listening on port 49710
JavaScript warning: https://www.saucedemo.com/static/js/2.9b02e67e.chunk.js, line 2: Script terminated by timeout at:
_@https://www.saucedemo.com/static/js/2.9b02e67e.chunk.js:2:29258
t.default/o/</v.current<@https://www.saucedemo.com/static/js/2.9b02e67e.chunk.js:2:30482

Dynamically enable window occlusion 1
]]></system-err>
  </testcase>
  <testcase name="GetALLItemText" classname="com.ds.SauceLab.GetAllProducts" time="6.023">
    <system-out><![CDATA[Sauce Labs Backpack
Sauce Labs Bike Light
Sauce Labs Bolt T-Shirt
Sauce Labs Fleece Jacket
Sauce Labs Onesie
Test.allTheThings() T-Shirt (Red)
]]></system-out>
    <system-err><![CDATA[1707846983742	geckodriver	INFO	Listening on 127.0.0.1:33841
1707846983779	mozrunner::runner	INFO	Running command: "C:\\Program Files\\Mozilla Firefox\\firefox.exe" "--marionette" "--remote-debugging-port" "16828" "--remote ... localhost:16828/,http://[::1]:16828/" "-no-remote" "-profile" "C:\\Users\\91700\\AppData\\Local\\Temp\\rust_mozprofilekryO4Y"
console.warn: services.settings: Ignoring preference override of remote settings server
console.warn: services.settings: Allow by setting MOZ_REMOTE_SETTINGS_DEVTOOLS=1 in the environment
1707846984124	Marionette	INFO	Marionette enabled
Dynamically enable window occlusion 0
1707846984243	Marionette	INFO	Listening on port 49785
WebDriver BiDi listening on ws://127.0.0.1:16828
Read port: 49785
1707846984492	RemoteAgent	WARN	TLS certificate errors will be ignored for this session
DevTools listening on ws://127.0.0.1:16828/devtools/browser/63a95937-9c6f-4782-bb19-0072dd9f590f
console.warn: LoginRecipes: "Falling back to a synchronous message for: https://www.saucedemo.com."
console.warn: LoginRecipes: "Falling back to a synchronous message for: https://www.saucedemo.com."
1707846988369	RemoteAgent	INFO	Perform WebSocket upgrade for incoming connection from 127.0.0.1:49828
1707846988373	CDP	WARN	Invalid browser preferences for CDP. Set "fission.webContentIsolationStrategy"to 0 and "fission.bfcacheInParent" to false before Firefox starts.
1707846988495	Marionette	INFO	Stopped listening on port 49785
Dynamically enable window occlusion 1
]]></system-err>
  </testcase>
</testsuite>