<?xml version="1.0" encoding="UTF-8"?>
<testng-results ignored="0" total="4" passed="4" failed="0" skipped="0">
  <reporter-output>
  </reporter-output>
  <suite started-at="2024-02-19T22:52:10 IST" name="Suite" finished-at="2024-02-19T22:52:39 IST" duration-ms="28760">
    <groups>
    </groups>
    <test started-at="2024-02-19T22:52:10 IST" name="Test" finished-at="2024-02-19T22:52:39 IST" duration-ms="28760">
      <class name="com.ds.SauceLab.GetAllProducts">
        <test-method is-config="true" signature="setup(java.lang.String)[pri:0, instance:com.ds.SauceLab.GetAllProducts@732d0d24]" started-at="2024-02-19T22:52:10 IST" name="setup" finished-at="2024-02-19T22:52:20 IST" duration-ms="9480" status="PASS">
          <params>
            <param index="0">
              <value>
                <![CDATA[firefox]]>
              </value>
            </param>
          </params>
          <reporter-output>
          </reporter-output>
        </test-method> <!-- setup -->
        <test-method signature="GetALLItemText()[pri:0, instance:com.ds.SauceLab.GetAllProducts@732d0d24]" started-at="2024-02-19T22:52:20 IST" name="GetALLItemText" finished-at="2024-02-19T22:52:23 IST" duration-ms="2665" status="PASS">
          <reporter-output>
          </reporter-output>
        </test-method> <!-- GetALLItemText -->
        <test-method is-config="true" signature="tearDown()[pri:0, instance:com.ds.SauceLab.GetAllProducts@732d0d24]" started-at="2024-02-19T22:52:23 IST" name="tearDown" finished-at="2024-02-19T22:52:24 IST" duration-ms="1479" status="PASS">
          <reporter-output>
          </reporter-output>
        </test-method> <!-- tearDown -->
      </class> <!-- com.ds.SauceLab.GetAllProducts -->
      <class name="com.ds.SauceLab.AppTest">
        <test-method is-config="true" signature="setup(java.lang.String)[pri:0, instance:com.ds.SauceLab.AppTest@df6620a]" started-at="2024-02-19T22:52:10 IST" name="setup" finished-at="2024-02-19T22:52:20 IST" duration-ms="9958" status="PASS">
          <params>
            <param index="0">
              <value>
                <![CDATA[firefox]]>
              </value>
            </param>
          </params>
          <reporter-output>
          </reporter-output>
        </test-method> <!-- setup -->
        <test-method signature="AddProductToCart()[pri:0, instance:com.ds.SauceLab.AppTest@df6620a]" started-at="2024-02-19T22:52:20 IST" name="AddProductToCart" finished-at="2024-02-19T22:52:24 IST" duration-ms="3313" status="PASS">
          <reporter-output>
          </reporter-output>
        </test-method> <!-- AddProductToCart -->
        <test-method is-config="true" signature="tearDown()[pri:0, instance:com.ds.SauceLab.AppTest@df6620a]" started-at="2024-02-19T22:52:24 IST" name="tearDown" finished-at="2024-02-19T22:52:25 IST" duration-ms="1258" status="PASS">
          <reporter-output>
          </reporter-output>
        </test-method> <!-- tearDown -->
        <test-method is-config="true" signature="setup(java.lang.String)[pri:0, instance:com.ds.SauceLab.AppTest@df6620a]" started-at="2024-02-19T22:52:25 IST" name="setup" finished-at="2024-02-19T22:52:30 IST" duration-ms="4704" status="PASS">
          <params>
            <param index="0">
              <value>
                <![CDATA[firefox]]>
              </value>
            </param>
          </params>
          <reporter-output>
          </reporter-output>
        </test-method> <!-- setup -->
        <test-method signature="filterOptionValidation()[pri:0, instance:com.ds.SauceLab.AppTest@df6620a]" started-at="2024-02-19T22:52:30 IST" name="filterOptionValidation" finished-at="2024-02-19T22:52:32 IST" duration-ms="2237" status="PASS">
          <reporter-output>
          </reporter-output>
        </test-method> <!-- filterOptionValidation -->
        <test-method is-config="true" signature="tearDown()[pri:0, instance:com.ds.SauceLab.AppTest@df6620a]" started-at="2024-02-19T22:52:32 IST" name="tearDown" finished-at="2024-02-19T22:52:33 IST" duration-ms="1188" status="PASS">
          <reporter-output>
          </reporter-output>
        </test-method> <!-- tearDown -->
        <test-method is-config="true" signature="setup(java.lang.String)[pri:0, instance:com.ds.SauceLab.AppTest@df6620a]" started-at="2024-02-19T22:52:33 IST" name="setup" finished-at="2024-02-19T22:52:37 IST" duration-ms="4143" status="PASS">
          <params>
            <param index="0">
              <value>
                <![CDATA[firefox]]>
              </value>
            </param>
          </params>
          <reporter-output>
          </reporter-output>
        </test-method> <!-- setup -->
        <test-method signature="loginSauceLab(java.lang.String,java.lang.String)[pri:0, instance:com.ds.SauceLab.AppTest@df6620a]" started-at="2024-02-19T22:52:37 IST" name="loginSauceLab" data-provider="data" finished-at="2024-02-19T22:52:38 IST" duration-ms="665" status="PASS">
          <params>
            <param index="0">
              <value>
                <![CDATA[standard_user]]>
              </value>
            </param>
            <param index="1">
              <value>
                <![CDATA[secret_sauce]]>
              </value>
            </param>
          </params>
          <reporter-output>
          </reporter-output>
        </test-method> <!-- loginSauceLab -->
        <test-method is-config="true" signature="tearDown()[pri:0, instance:com.ds.SauceLab.AppTest@df6620a]" started-at="2024-02-19T22:52:38 IST" name="tearDown" finished-at="2024-02-19T22:52:39 IST" duration-ms="1067" status="PASS">
          <reporter-output>
          </reporter-output>
        </test-method> <!-- tearDown -->
      </class> <!-- com.ds.SauceLab.AppTest -->
    </test> <!-- Test -->
  </suite> <!-- Suite -->
</testng-results>
